<?xml version="1.0" encoding="UTF-8"?>
<testsuites name="api-suite23" time="16.448" tests="1" failures="0" errors="0">
   <testsuite name="api-suite23" tests="1" failures="0" errors="0" time="16.448" skipped="0" timestamp="2022-01-18 17:16:20" hostname="huynguyen - client.openvpn.net" id="Test Suites/api-suite23">
      <properties>
         <property name="deviceName" value=""/>
         <property name="devicePlatform" value=""/>
         <property name="logFolder" value="/Users/huynguyen/Katalon Studio/api/Reports/20220118_171614/api-suite23/20220118_171614"/>
         <property name="logFiles" value="/Users/huynguyen/Katalon Studio/api/Reports/20220118_171614/api-suite23/20220118_171614/execution0.log"/>
         <property name="attachments" value=""/>
         <property name="hostName" value="huynguyen - client.openvpn.net"/>
         <property name="hostAddress" value="127.94.0.1"/>
         <property name="os" value="Mac OS X 64bit"/>
         <property name="katalonVersion" value="8.1.0.208"/>
      </properties>
      <testcase name="Test Cases/url-encoded" time="9.255" classname="Test Cases/url-encoded" status="PASSED">
         <system-out><![CDATA[2022-01-18 17:16:20 - [TEST_CASE][PASSED] - Test Cases/url-encoded: Test Cases/url-encoded

2022-01-18 17:16:20 - [TEST_STEP][PASSED] - Start listener action : sampleBeforeTestCase: null

2022-01-18 17:16:20 - [TEST_STEP][PASSED] - println(testCaseContext.getTestCaseId()): null

2022-01-18 17:16:20 - [TEST_STEP][PASSED] - println(testCaseContext.getTestCaseVariables()): null

2022-01-18 17:16:21 - [TEST_STEP][PASSED] - requestObject = findTestObject("url-encoded"): null

2022-01-18 17:16:22 - [TEST_STEP][PASSED] - response = sendRequestAndVerify(requestObject): Send request and verify the response successfully

2022-01-18 17:16:26 - [MESSAGE][INFO] - HAR: /Users/huynguyen/Katalon Studio/api/Reports/20220118_171614/api-suite23/20220118_171614/requests/main/0.har

2022-01-18 17:16:26 - [TEST_CASE][PASSED] - Start Test Case : Verification: Verification accomplished successfully

2022-01-18 17:16:27 - [TEST_STEP][PASSED] - request = getInstance().getCurrentRequest(): null

2022-01-18 17:16:27 - [TEST_STEP][PASSED] - response = getInstance().getCurrentResponse(): null

2022-01-18 17:16:27 - [TEST_STEP][PASSED] - verifyResponseStatusCode(response, 200): Verify response status code successfully

2022-01-18 17:16:27 - [MESSAGE][PASSED] - Verify response status code successfully

2022-01-18 17:16:27 - [TEST_STEP][PASSED] - getStatusCode()).isEqualTo(200): null

2022-01-18 17:16:27 - [MESSAGE][PASSED] - Verify response successfully

2022-01-18 17:16:27 - [MESSAGE][PASSED] - Send request and verify the response successfully

2022-01-18 17:16:27 - [TEST_STEP][PASSED] - verifyResponseStatusCode(response, 200): Verify response status code successfully

2022-01-18 17:16:27 - [MESSAGE][PASSED] - Verify response status code successfully

2022-01-18 17:16:27 - [TEST_STEP][PASSED] - runtimeMxBean = ManagementFactory.getRuntimeMXBean(): null

2022-01-18 17:16:27 - [TEST_STEP][PASSED] - arguments = runtimeMxBean.getInputArguments(): null

2022-01-18 17:16:27 - [TEST_STEP][PASSED] - println(arguments): null

2022-01-18 17:16:27 - [TEST_STEP][PASSED] - println(System.getProperty("test")): null

2022-01-18 17:16:27 - [TEST_STEP][PASSED] - println(System.getProperty("test1")): null

2022-01-18 17:16:27 - [TEST_STEP][PASSED] - Start listener action : sampleAfterTestCase: null

2022-01-18 17:16:29 - [TEST_STEP][PASSED] - Video: Video recording for test case 'Test Cases/url-encoded' .

2022-01-18 17:16:29 - [MESSAGE][INFO] - Video recording for test case 'Test Cases/url-encoded' .]]></system-out>
         <system-err><![CDATA[]]></system-err>
      </testcase>
      <system-out><![CDATA[2022-01-18 17:16:20 - [TEST_SUITE][PASSED] - api-suite23: Test Cases/url-encoded]]></system-out>
      <system-err><![CDATA[]]></system-err>
   </testsuite>
</testsuites>
