<?xml version="1.0" encoding="UTF-8"?>
<testsuites name="data-driven" time="50.996" tests="4" failures="0" errors="0">
   <testsuite name="data-driven" tests="4" failures="0" errors="0" time="50.996" timestamp="2019-12-25 23:00:32" hostname="huynguyen - 192.168.1.5" id="Test Suites/data-driven">
      <properties>
         <property name="deviceName" value=""/>
         <property name="devicePlatform" value=""/>
         <property name="logFolder" value="/Users/huynguyen/Katalon Studio/api/Reports/20191225_225930/data-driven/20191225_225931"/>
         <property name="logFiles" value="/Users/huynguyen/Katalon Studio/api/Reports/20191225_225930/data-driven/20191225_225931/execution0.log"/>
         <property name="attachments" value="/Users/huynguyen/Katalon Studio/api/Reports/20191225_225930/data-driven/20191225_225931/videos/test_1.mov, /Users/huynguyen/Katalon Studio/api/Reports/20191225_225930/data-driven/20191225_225931/videos/test_2.mov, /Users/huynguyen/Katalon Studio/api/Reports/20191225_225930/data-driven/20191225_225931/videos/test_3.mov, /Users/huynguyen/Katalon Studio/api/Reports/20191225_225930/data-driven/20191225_225931/videos/test_4.mov"/>
         <property name="hostName" value="huynguyen - 192.168.1.5"/>
         <property name="hostAddress" value="192.168.1.5"/>
         <property name="os" value="Mac OS X 64bit"/>
         <property name="katalonVersion" value="7.0.6.1"/>
      </properties>
      <testcase name="Test Cases/requestbin" time="9.556" classname="Test Cases/requestbin" status="PASSED">
         <system-out><![CDATA[2019-12-25 23:00:32 - [TEST_CASE][PASSED] - Test Cases/requestbin: Test Cases/requestbin

2019-12-25 23:00:33 - [TEST_STEP][PASSED] - requestObject = findTestObject("requestbin", ["productName":productName, "dog":dog]): null

2019-12-25 23:00:33 - [TEST_STEP][PASSED] - response1 = sendRequest(requestObject): Send request successfully

2019-12-25 23:00:37 - [MESSAGE][INFO] - HAR: /Users/huynguyen/Katalon Studio/api/Reports/20191225_225930/data-driven/20191225_225931/requests/main/0.har

2019-12-25 23:00:37 - [MESSAGE][PASSED] - Send request successfully

2019-12-25 23:00:37 - [TEST_STEP][PASSED] - verifyResponseStatusCode(response1, 200): Verify response status code successfully

2019-12-25 23:00:37 - [MESSAGE][PASSED] - Verify response status code successfully

2019-12-25 23:00:37 - [TEST_STEP][PASSED] - getStatusCode()).isEqualTo(200): null

2019-12-25 23:00:37 - [TEST_STEP][PASSED] - verifyElementPropertyValue(response1, "success", true): Verify element property value successfully

2019-12-25 23:00:37 - [MESSAGE][PASSED] - Verify element property value successfully

2019-12-25 23:00:37 - [TEST_STEP][PASSED] - response2 = sendRequestAndVerify(requestObject): Send request and verify the response successfully

2019-12-25 23:00:40 - [MESSAGE][INFO] - HAR: /Users/huynguyen/Katalon Studio/api/Reports/20191225_225930/data-driven/20191225_225931/requests/main/1.har

2019-12-25 23:00:40 - [TEST_CASE][PASSED] - Start Test Case : Verification: Verification accomplished successfully

2019-12-25 23:00:40 - [TEST_STEP][PASSED] - request = getInstance().getCurrentRequest(): null

2019-12-25 23:00:40 - [TEST_STEP][PASSED] - response = getInstance().getCurrentResponse(): null

2019-12-25 23:00:40 - [TEST_STEP][PASSED] - verifyResponseStatusCode(response, 200): Verify response status code successfully

2019-12-25 23:00:40 - [MESSAGE][PASSED] - Verify response status code successfully

2019-12-25 23:00:40 - [TEST_STEP][PASSED] - getStatusCode()).isEqualTo(200): null

2019-12-25 23:00:40 - [TEST_STEP][PASSED] - verifyElementPropertyValue(response, "success", true): Verify element property value successfully

2019-12-25 23:00:40 - [MESSAGE][PASSED] - Verify element property value successfully

2019-12-25 23:00:40 - [TEST_STEP][PASSED] - println(getVariables().get("productName")): null

2019-12-25 23:00:40 - [TEST_STEP][PASSED] - println(getVariables().get("test")): null

2019-12-25 23:00:40 - [MESSAGE][PASSED] - Verify response successfully

2019-12-25 23:00:40 - [MESSAGE][PASSED] - Send request and verify the response successfully

2019-12-25 23:00:40 - [TEST_STEP][PASSED] - verifyResponseStatusCode(response2, 200): Verify response status code successfully

2019-12-25 23:00:40 - [MESSAGE][PASSED] - Verify response status code successfully

2019-12-25 23:00:40 - [TEST_STEP][PASSED] - getStatusCode()).isEqualTo(200): null

2019-12-25 23:00:40 - [TEST_STEP][PASSED] - verifyElementPropertyValue(response2, "success", true): Verify element property value successfully

2019-12-25 23:00:40 - [MESSAGE][PASSED] - Verify element property value successfully

2019-12-25 23:00:42 - [TEST_STEP][PASSED] - Video: Video recording for test case 'Test Cases/requestbin' .

2019-12-25 23:00:42 - [MESSAGE][INFO] - Video recording for test case 'Test Cases/requestbin' .
[[ATTACHMENT|/Users/huynguyen/Katalon Studio/api/Reports/20191225_225930/data-driven/20191225_225931/videos/test_1.mov]]]]></system-out>
         <system-err><![CDATA[]]></system-err>
      </testcase>
      <testcase name="Test Cases/requestbin" time="5.723" classname="Test Cases/requestbin" status="PASSED">
         <system-out><![CDATA[2019-12-25 23:00:42 - [TEST_CASE][PASSED] - Test Cases/requestbin: Test Cases/requestbin

2019-12-25 23:00:42 - [TEST_STEP][PASSED] - requestObject = findTestObject("requestbin", ["productName":productName, "dog":dog]): null

2019-12-25 23:00:42 - [TEST_STEP][PASSED] - response1 = sendRequest(requestObject): Send request successfully

2019-12-25 23:00:44 - [MESSAGE][INFO] - HAR: /Users/huynguyen/Katalon Studio/api/Reports/20191225_225930/data-driven/20191225_225931/requests/main/2.har

2019-12-25 23:00:44 - [MESSAGE][PASSED] - Send request successfully

2019-12-25 23:00:44 - [TEST_STEP][PASSED] - verifyResponseStatusCode(response1, 200): Verify response status code successfully

2019-12-25 23:00:44 - [MESSAGE][PASSED] - Verify response status code successfully

2019-12-25 23:00:44 - [TEST_STEP][PASSED] - getStatusCode()).isEqualTo(200): null

2019-12-25 23:00:44 - [TEST_STEP][PASSED] - verifyElementPropertyValue(response1, "success", true): Verify element property value successfully

2019-12-25 23:00:44 - [MESSAGE][PASSED] - Verify element property value successfully

2019-12-25 23:00:44 - [TEST_STEP][PASSED] - response2 = sendRequestAndVerify(requestObject): Send request and verify the response successfully

2019-12-25 23:00:45 - [MESSAGE][INFO] - HAR: /Users/huynguyen/Katalon Studio/api/Reports/20191225_225930/data-driven/20191225_225931/requests/main/3.har

2019-12-25 23:00:45 - [TEST_CASE][PASSED] - Start Test Case : Verification: Verification accomplished successfully

2019-12-25 23:00:46 - [TEST_STEP][PASSED] - request = getInstance().getCurrentRequest(): null

2019-12-25 23:00:46 - [TEST_STEP][PASSED] - response = getInstance().getCurrentResponse(): null

2019-12-25 23:00:46 - [TEST_STEP][PASSED] - verifyResponseStatusCode(response, 200): Verify response status code successfully

2019-12-25 23:00:46 - [MESSAGE][PASSED] - Verify response status code successfully

2019-12-25 23:00:46 - [TEST_STEP][PASSED] - getStatusCode()).isEqualTo(200): null

2019-12-25 23:00:46 - [TEST_STEP][PASSED] - verifyElementPropertyValue(response, "success", true): Verify element property value successfully

2019-12-25 23:00:46 - [MESSAGE][PASSED] - Verify element property value successfully

2019-12-25 23:00:46 - [TEST_STEP][PASSED] - println(getVariables().get("productName")): null

2019-12-25 23:00:46 - [TEST_STEP][PASSED] - println(getVariables().get("test")): null

2019-12-25 23:00:46 - [MESSAGE][PASSED] - Verify response successfully

2019-12-25 23:00:46 - [MESSAGE][PASSED] - Send request and verify the response successfully

2019-12-25 23:00:46 - [TEST_STEP][PASSED] - verifyResponseStatusCode(response2, 200): Verify response status code successfully

2019-12-25 23:00:46 - [MESSAGE][PASSED] - Verify response status code successfully

2019-12-25 23:00:46 - [TEST_STEP][PASSED] - getStatusCode()).isEqualTo(200): null

2019-12-25 23:00:46 - [TEST_STEP][PASSED] - verifyElementPropertyValue(response2, "success", true): Verify element property value successfully

2019-12-25 23:00:46 - [MESSAGE][PASSED] - Verify element property value successfully

2019-12-25 23:00:48 - [TEST_STEP][PASSED] - Video: Video recording for test case 'Test Cases/requestbin' .

2019-12-25 23:00:48 - [MESSAGE][INFO] - Video recording for test case 'Test Cases/requestbin' .
[[ATTACHMENT|/Users/huynguyen/Katalon Studio/api/Reports/20191225_225930/data-driven/20191225_225931/videos/test_2.mov]]]]></system-out>
         <system-err><![CDATA[]]></system-err>
      </testcase>
      <testcase name="Test Cases/form-data" time="12.189" classname="Test Cases/form-data" status="PASSED">
         <system-out><![CDATA[2019-12-25 23:00:48 - [TEST_CASE][PASSED] - Test Cases/form-data: Test Cases/form-data

2019-12-25 23:00:48 - [TEST_STEP][PASSED] - request = findTestObject("form-data", ["username":username]): null

2019-12-25 23:00:48 - [TEST_STEP][PASSED] - println(getVariables().get("username")): null

2019-12-25 23:00:48 - [TEST_STEP][PASSED] - response = sendRequestAndVerify(request): Send request and verify the response successfully

2019-12-25 23:00:58 - [MESSAGE][INFO] - HAR: /Users/huynguyen/Katalon Studio/api/Reports/20191225_225930/data-driven/20191225_225931/requests/main/4.har

2019-12-25 23:00:58 - [TEST_CASE][PASSED] - Start Test Case : Verification: Verification accomplished successfully

2019-12-25 23:00:58 - [TEST_STEP][PASSED] - request = getInstance().getCurrentRequest(): null

2019-12-25 23:00:58 - [TEST_STEP][PASSED] - response = getInstance().getCurrentResponse(): null

2019-12-25 23:00:58 - [TEST_STEP][PASSED] - username = getVariables().get("username"): null

2019-12-25 23:00:58 - [TEST_STEP][PASSED] - println(username): null

2019-12-25 23:00:58 - [MESSAGE][PASSED] - Verify response successfully

2019-12-25 23:00:58 - [MESSAGE][PASSED] - Send request and verify the response successfully

2019-12-25 23:00:58 - [TEST_STEP][PASSED] - println(response.getStatusCode()): null

2019-12-25 23:01:00 - [TEST_STEP][PASSED] - Video: Video recording for test case 'Test Cases/form-data' .

2019-12-25 23:01:00 - [MESSAGE][INFO] - Video recording for test case 'Test Cases/form-data' .
[[ATTACHMENT|/Users/huynguyen/Katalon Studio/api/Reports/20191225_225930/data-driven/20191225_225931/videos/test_3.mov]]]]></system-out>
         <system-err><![CDATA[]]></system-err>
      </testcase>
      <testcase name="Test Cases/form-data" time="13.737" classname="Test Cases/form-data" status="PASSED">
         <system-out><![CDATA[2019-12-25 23:01:00 - [TEST_CASE][PASSED] - Test Cases/form-data: Test Cases/form-data

2019-12-25 23:01:00 - [TEST_STEP][PASSED] - request = findTestObject("form-data", ["username":username]): null

2019-12-25 23:01:00 - [TEST_STEP][PASSED] - println(getVariables().get("username")): null

2019-12-25 23:01:00 - [TEST_STEP][PASSED] - response = sendRequestAndVerify(request): Send request and verify the response successfully

2019-12-25 23:01:11 - [MESSAGE][INFO] - HAR: /Users/huynguyen/Katalon Studio/api/Reports/20191225_225930/data-driven/20191225_225931/requests/main/5.har

2019-12-25 23:01:12 - [TEST_CASE][PASSED] - Start Test Case : Verification: Verification accomplished successfully

2019-12-25 23:01:12 - [TEST_STEP][PASSED] - request = getInstance().getCurrentRequest(): null

2019-12-25 23:01:12 - [TEST_STEP][PASSED] - response = getInstance().getCurrentResponse(): null

2019-12-25 23:01:12 - [TEST_STEP][PASSED] - username = getVariables().get("username"): null

2019-12-25 23:01:12 - [TEST_STEP][PASSED] - println(username): null

2019-12-25 23:01:12 - [MESSAGE][PASSED] - Verify response successfully

2019-12-25 23:01:12 - [MESSAGE][PASSED] - Send request and verify the response successfully

2019-12-25 23:01:12 - [TEST_STEP][PASSED] - println(response.getStatusCode()): null

2019-12-25 23:01:14 - [TEST_STEP][PASSED] - Video: Video recording for test case 'Test Cases/form-data' .

2019-12-25 23:01:14 - [MESSAGE][INFO] - Video recording for test case 'Test Cases/form-data' .
[[ATTACHMENT|/Users/huynguyen/Katalon Studio/api/Reports/20191225_225930/data-driven/20191225_225931/videos/test_4.mov]]]]></system-out>
         <system-err><![CDATA[]]></system-err>
      </testcase>
      <system-out><![CDATA[2019-12-25 23:00:32 - [TEST_SUITE][PASSED] - data-driven: Test Cases/form-data]]></system-out>
      <system-err><![CDATA[]]></system-err>
   </testsuite>
</testsuites>
