<?xml version="1.0" encoding="UTF-8" standalone="yes"?>
<testsuites name="api-suite23" time="17" tests="3" failures="0" errors="0">
    <testsuite name="api-suite23" tests="3" failures="0" errors="0" time="17" timestamp="2019-12-04 18:17:05" hostname="huynguyen - 192.168.34.29" id="Test Suites/api-suite23">
        <properties>
            <property name="deviceName" value=""/>
            <property name="devicePlatform" value=""/>
            <property name="logFolder" value="/Users/huynguyen/Katalon Studio/api/Reports/20191204_181701/api-suite23/20191204_181701"/>
            <property name="logFiles" value="/Users/huynguyen/Katalon Studio/api/Reports/20191204_181701/api-suite23/20191204_181701/execution0.log"/>
            <property name="attachments" value="/Users/huynguyen/Katalon Studio/api/Reports/20191204_181701/api-suite23/20191204_181701/videos/test_1.mov, /Users/huynguyen/Katalon Studio/api/Reports/20191204_181701/api-suite23/20191204_181701/videos/test_2.mov, /Users/huynguyen/Katalon Studio/api/Reports/20191204_181701/api-suite23/20191204_181701/videos/test_3.mov"/>
            <property name="hostName" value="huynguyen - 192.168.34.29"/>
            <property name="hostAddress" value="192.168.34.29"/>
            <property name="os" value="Mac OS X 64bit"/>
            <property name="katalonVersion" value="7.2.0.${buildNumber}"/>
        </properties>
        <testcase name="Test Cases/url-encoded" classname="Test Cases/url-encoded" status="PASSED">
            <system-out>2019-12-04 18:17:05 - [TEST_CASE][PASSED] - Test Cases/url-encoded: Test Cases/url-encoded

2019-12-04 18:17:06 - [TEST_STEP][PASSED] - requestObject = findTestObject("url-encoded"): null

2019-12-04 18:17:07 - [TEST_STEP][PASSED] - response = sendRequestAndVerify(requestObject): Send request and verify the response successfully

2019-12-04 18:17:11 - [MESSAGE][INFO] - HAR: /Users/huynguyen/Katalon Studio/api/Reports/20191204_181701/api-suite23/20191204_181701/requests/main/0.har

2019-12-04 18:17:11 - [TEST_CASE][PASSED] - Start Test Case : Verification: Verification accomplished successfully

2019-12-04 18:17:11 - [TEST_STEP][PASSED] - request = getInstance().getCurrentRequest(): null

2019-12-04 18:17:11 - [TEST_STEP][PASSED] - response = getInstance().getCurrentResponse(): null

2019-12-04 18:17:11 - [TEST_STEP][PASSED] - verifyResponseStatusCode(response, 200): Verify response status code successfully

2019-12-04 18:17:11 - [MESSAGE][PASSED] - Verify response status code successfully

2019-12-04 18:17:11 - [TEST_STEP][PASSED] - getStatusCode()).isEqualTo(200): null

2019-12-04 18:17:11 - [MESSAGE][PASSED] - Verify response successfully

2019-12-04 18:17:11 - [MESSAGE][PASSED] - Send request and verify the response successfully

2019-12-04 18:17:11 - [TEST_STEP][PASSED] - verifyResponseStatusCode(response, 200): Verify response status code successfully

2019-12-04 18:17:11 - [MESSAGE][PASSED] - Verify response status code successfully

2019-12-04 18:17:11 - [TEST_STEP][PASSED] - Start listener action : sampleAfterTestCase: null

2019-12-04 18:17:14 - [TEST_STEP][PASSED] - Video: Video recording for test case 'Test Cases/url-encoded' .

2019-12-04 18:17:14 - [MESSAGE][INFO] - Video recording for test case 'Test Cases/url-encoded' .
[[ATTACHMENT|/Users/huynguyen/Katalon Studio/api/Reports/20191204_181701/api-suite23/20191204_181701/videos/test_1.mov]]</system-out>
            <system-err></system-err>
        </testcase>
        <testcase name="Test Cases/requestbin" classname="Test Cases/requestbin" status="PASSED">
            <system-out>2019-12-04 18:17:14 - [TEST_CASE][PASSED] - Test Cases/requestbin: Test Cases/requestbin

2019-12-04 18:17:14 - [TEST_STEP][PASSED] - requestObject = findTestObject("requestbin", ["productName":productName, "dog":dog]): null

2019-12-04 18:17:14 - [TEST_STEP][PASSED] - response1 = sendRequest(requestObject): Send request successfully

2019-12-04 18:17:16 - [MESSAGE][INFO] - HAR: /Users/huynguyen/Katalon Studio/api/Reports/20191204_181701/api-suite23/20191204_181701/requests/main/1.har

2019-12-04 18:17:16 - [MESSAGE][PASSED] - Send request successfully

2019-12-04 18:17:16 - [TEST_STEP][PASSED] - verifyResponseStatusCode(response1, 200): Verify response status code successfully

2019-12-04 18:17:16 - [MESSAGE][PASSED] - Verify response status code successfully

2019-12-04 18:17:16 - [TEST_STEP][PASSED] - getStatusCode()).isEqualTo(200): null

2019-12-04 18:17:16 - [TEST_STEP][PASSED] - verifyElementPropertyValue(response1, "success", true): Verify element property value successfully

2019-12-04 18:17:16 - [MESSAGE][PASSED] - Verify element property value successfully

2019-12-04 18:17:16 - [TEST_STEP][PASSED] - response2 = sendRequestAndVerify(requestObject): Send request and verify the response successfully

2019-12-04 18:17:17 - [MESSAGE][INFO] - HAR: /Users/huynguyen/Katalon Studio/api/Reports/20191204_181701/api-suite23/20191204_181701/requests/main/2.har

2019-12-04 18:17:17 - [TEST_CASE][PASSED] - Start Test Case : Verification: Verification accomplished successfully

2019-12-04 18:17:18 - [TEST_STEP][PASSED] - request = getInstance().getCurrentRequest(): null

2019-12-04 18:17:18 - [TEST_STEP][PASSED] - response = getInstance().getCurrentResponse(): null

2019-12-04 18:17:18 - [TEST_STEP][PASSED] - verifyResponseStatusCode(response, 200): Verify response status code successfully

2019-12-04 18:17:18 - [MESSAGE][PASSED] - Verify response status code successfully

2019-12-04 18:17:18 - [TEST_STEP][PASSED] - getStatusCode()).isEqualTo(200): null

2019-12-04 18:17:18 - [TEST_STEP][PASSED] - verifyElementPropertyValue(response, "success", true): Verify element property value successfully

2019-12-04 18:17:18 - [MESSAGE][PASSED] - Verify element property value successfully

2019-12-04 18:17:18 - [TEST_STEP][PASSED] - println(getVariables().get("productName")): null

2019-12-04 18:17:18 - [TEST_STEP][PASSED] - println(getVariables().get("test")): null

2019-12-04 18:17:18 - [MESSAGE][PASSED] - Verify response successfully

2019-12-04 18:17:18 - [MESSAGE][PASSED] - Send request and verify the response successfully

2019-12-04 18:17:18 - [TEST_STEP][PASSED] - verifyResponseStatusCode(response2, 200): Verify response status code successfully

2019-12-04 18:17:18 - [MESSAGE][PASSED] - Verify response status code successfully

2019-12-04 18:17:18 - [TEST_STEP][PASSED] - getStatusCode()).isEqualTo(200): null

2019-12-04 18:17:18 - [TEST_STEP][PASSED] - verifyElementPropertyValue(response2, "success", true): Verify element property value successfully

2019-12-04 18:17:18 - [MESSAGE][PASSED] - Verify element property value successfully

2019-12-04 18:17:18 - [TEST_STEP][PASSED] - Start listener action : sampleAfterTestCase: null

2019-12-04 18:17:20 - [TEST_STEP][PASSED] - Video: Video recording for test case 'Test Cases/requestbin' .

2019-12-04 18:17:20 - [MESSAGE][INFO] - Video recording for test case 'Test Cases/requestbin' .
[[ATTACHMENT|/Users/huynguyen/Katalon Studio/api/Reports/20191204_181701/api-suite23/20191204_181701/videos/test_2.mov]]</system-out>
            <system-err></system-err>
        </testcase>
        <testcase name="Test Cases/mockoon" classname="Test Cases/mockoon" status="PASSED">
            <system-out>2019-12-04 18:17:20 - [TEST_CASE][PASSED] - Test Cases/mockoon: Test Cases/mockoon

2019-12-04 18:17:20 - [TEST_STEP][PASSED] - sendRequest(findTestObject("mockoon")): Send request successfully

2019-12-04 18:17:20 - [MESSAGE][INFO] - HAR: /Users/huynguyen/Katalon Studio/api/Reports/20191204_181701/api-suite23/20191204_181701/requests/main/3.har

2019-12-04 18:17:20 - [MESSAGE][PASSED] - Send request successfully

2019-12-04 18:17:20 - [TEST_STEP][PASSED] - Start listener action : sampleAfterTestCase: null

2019-12-04 18:17:22 - [TEST_STEP][PASSED] - Video: Video recording for test case 'Test Cases/mockoon' .

2019-12-04 18:17:22 - [MESSAGE][INFO] - Video recording for test case 'Test Cases/mockoon' .
[[ATTACHMENT|/Users/huynguyen/Katalon Studio/api/Reports/20191204_181701/api-suite23/20191204_181701/videos/test_3.mov]]</system-out>
            <system-err></system-err>
        </testcase>
        <system-out>2019-12-04 18:17:05 - [TEST_SUITE][INCOMPLETE] - api-suite23: null</system-out>
        <system-err>2019-12-04 18:17:05 - [TEST_SUITE][INCOMPLETE] - api-suite23: null</system-err>
    </testsuite>
</testsuites>
