<?xml version="1.0" encoding="UTF-8" standalone="yes"?>
<testsuites name="api-suite23" time="17" tests="3" failures="0" errors="0">
    <testsuite name="api-suite23" tests="3" failures="0" errors="0" time="17" timestamp="2019-12-05 09:52:34" hostname="huynguyen - 192.168.34.29" id="Test Suites/api-suite23">
        <properties>
            <property name="deviceName" value=""/>
            <property name="devicePlatform" value=""/>
            <property name="logFolder" value="/Users/huynguyen/Katalon Studio/api/Reports/20191205_095233/api-suite23/20191205_095233"/>
            <property name="logFiles" value="/Users/huynguyen/Katalon Studio/api/Reports/20191205_095233/api-suite23/20191205_095233/execution0.log"/>
            <property name="attachments" value="/Users/huynguyen/Katalon Studio/api/Reports/20191205_095233/api-suite23/20191205_095233/videos/test_1.mov, /Users/huynguyen/Katalon Studio/api/Reports/20191205_095233/api-suite23/20191205_095233/videos/test_2.mov, /Users/huynguyen/Katalon Studio/api/Reports/20191205_095233/api-suite23/20191205_095233/videos/test_3.mov"/>
            <property name="hostName" value="huynguyen - 192.168.34.29"/>
            <property name="hostAddress" value="192.168.34.29"/>
            <property name="os" value="Mac OS X 64bit"/>
            <property name="katalonVersion" value="7.2.0.${buildNumber}"/>
        </properties>
        <testcase name="Test Cases/url-encoded" classname="Test Cases/url-encoded" status="PASSED">
            <system-out>2019-12-05 09:52:35 - [TEST_CASE][PASSED] - Test Cases/url-encoded: Test Cases/url-encoded

2019-12-05 09:52:35 - [TEST_STEP][PASSED] - requestObject = findTestObject("url-encoded"): null

2019-12-05 09:52:36 - [TEST_STEP][PASSED] - response = sendRequestAndVerify(requestObject): Send request and verify the response successfully

2019-12-05 09:52:40 - [MESSAGE][INFO] - HAR: /Users/huynguyen/Katalon Studio/api/Reports/20191205_095233/api-suite23/20191205_095233/requests/main/0.har

2019-12-05 09:52:40 - [TEST_CASE][PASSED] - Start Test Case : Verification: Verification accomplished successfully

2019-12-05 09:52:40 - [TEST_STEP][PASSED] - request = getInstance().getCurrentRequest(): null

2019-12-05 09:52:40 - [TEST_STEP][PASSED] - response = getInstance().getCurrentResponse(): null

2019-12-05 09:52:40 - [TEST_STEP][PASSED] - verifyResponseStatusCode(response, 200): Verify response status code successfully

2019-12-05 09:52:40 - [MESSAGE][PASSED] - Verify response status code successfully

2019-12-05 09:52:40 - [TEST_STEP][PASSED] - getStatusCode()).isEqualTo(200): null

2019-12-05 09:52:41 - [MESSAGE][PASSED] - Verify response successfully

2019-12-05 09:52:41 - [MESSAGE][PASSED] - Send request and verify the response successfully

2019-12-05 09:52:41 - [TEST_STEP][PASSED] - verifyResponseStatusCode(response, 200): Verify response status code successfully

2019-12-05 09:52:41 - [MESSAGE][PASSED] - Verify response status code successfully

2019-12-05 09:52:41 - [TEST_STEP][PASSED] - Start listener action : sampleAfterTestCase: null

2019-12-05 09:52:43 - [TEST_STEP][PASSED] - Video: Video recording for test case 'Test Cases/url-encoded' .

2019-12-05 09:52:43 - [MESSAGE][INFO] - Video recording for test case 'Test Cases/url-encoded' .
[[ATTACHMENT|/Users/huynguyen/Katalon Studio/api/Reports/20191205_095233/api-suite23/20191205_095233/videos/test_1.mov]]</system-out>
            <system-err></system-err>
        </testcase>
        <testcase name="Test Cases/requestbin" classname="Test Cases/requestbin" status="PASSED">
            <system-out>2019-12-05 09:52:43 - [TEST_CASE][PASSED] - Test Cases/requestbin: Test Cases/requestbin

2019-12-05 09:52:43 - [TEST_STEP][PASSED] - requestObject = findTestObject("requestbin", ["productName":productName, "dog":dog]): null

2019-12-05 09:52:43 - [TEST_STEP][PASSED] - response1 = sendRequest(requestObject): Send request successfully

2019-12-05 09:52:45 - [MESSAGE][INFO] - HAR: /Users/huynguyen/Katalon Studio/api/Reports/20191205_095233/api-suite23/20191205_095233/requests/main/1.har

2019-12-05 09:52:45 - [MESSAGE][PASSED] - Send request successfully

2019-12-05 09:52:45 - [TEST_STEP][PASSED] - verifyResponseStatusCode(response1, 200): Verify response status code successfully

2019-12-05 09:52:45 - [MESSAGE][PASSED] - Verify response status code successfully

2019-12-05 09:52:45 - [TEST_STEP][PASSED] - getStatusCode()).isEqualTo(200): null

2019-12-05 09:52:45 - [TEST_STEP][PASSED] - verifyElementPropertyValue(response1, "success", true): Verify element property value successfully

2019-12-05 09:52:45 - [MESSAGE][PASSED] - Verify element property value successfully

2019-12-05 09:52:45 - [TEST_STEP][PASSED] - response2 = sendRequestAndVerify(requestObject): Send request and verify the response successfully

2019-12-05 09:52:47 - [MESSAGE][INFO] - HAR: /Users/huynguyen/Katalon Studio/api/Reports/20191205_095233/api-suite23/20191205_095233/requests/main/2.har

2019-12-05 09:52:47 - [TEST_CASE][PASSED] - Start Test Case : Verification: Verification accomplished successfully

2019-12-05 09:52:47 - [TEST_STEP][PASSED] - request = getInstance().getCurrentRequest(): null

2019-12-05 09:52:47 - [TEST_STEP][PASSED] - response = getInstance().getCurrentResponse(): null

2019-12-05 09:52:47 - [TEST_STEP][PASSED] - verifyResponseStatusCode(response, 200): Verify response status code successfully

2019-12-05 09:52:47 - [MESSAGE][PASSED] - Verify response status code successfully

2019-12-05 09:52:47 - [TEST_STEP][PASSED] - getStatusCode()).isEqualTo(200): null

2019-12-05 09:52:47 - [TEST_STEP][PASSED] - verifyElementPropertyValue(response, "success", true): Verify element property value successfully

2019-12-05 09:52:47 - [MESSAGE][PASSED] - Verify element property value successfully

2019-12-05 09:52:47 - [TEST_STEP][PASSED] - println(getVariables().get("productName")): null

2019-12-05 09:52:47 - [TEST_STEP][PASSED] - println(getVariables().get("test")): null

2019-12-05 09:52:47 - [MESSAGE][PASSED] - Verify response successfully

2019-12-05 09:52:47 - [MESSAGE][PASSED] - Send request and verify the response successfully

2019-12-05 09:52:47 - [TEST_STEP][PASSED] - verifyResponseStatusCode(response2, 200): Verify response status code successfully

2019-12-05 09:52:47 - [MESSAGE][PASSED] - Verify response status code successfully

2019-12-05 09:52:47 - [TEST_STEP][PASSED] - getStatusCode()).isEqualTo(200): null

2019-12-05 09:52:47 - [TEST_STEP][PASSED] - verifyElementPropertyValue(response2, "success", true): Verify element property value successfully

2019-12-05 09:52:47 - [MESSAGE][PASSED] - Verify element property value successfully

2019-12-05 09:52:47 - [TEST_STEP][PASSED] - Start listener action : sampleAfterTestCase: null

2019-12-05 09:52:49 - [TEST_STEP][PASSED] - Video: Video recording for test case 'Test Cases/requestbin' .

2019-12-05 09:52:49 - [MESSAGE][INFO] - Video recording for test case 'Test Cases/requestbin' .
[[ATTACHMENT|/Users/huynguyen/Katalon Studio/api/Reports/20191205_095233/api-suite23/20191205_095233/videos/test_2.mov]]</system-out>
            <system-err></system-err>
        </testcase>
        <testcase name="Test Cases/mockoon" classname="Test Cases/mockoon" status="PASSED">
            <system-out>2019-12-05 09:52:49 - [TEST_CASE][PASSED] - Test Cases/mockoon: Test Cases/mockoon

2019-12-05 09:52:49 - [TEST_STEP][PASSED] - sendRequest(findTestObject("mockoon")): Send request successfully

2019-12-05 09:52:50 - [MESSAGE][INFO] - HAR: /Users/huynguyen/Katalon Studio/api/Reports/20191205_095233/api-suite23/20191205_095233/requests/main/3.har

2019-12-05 09:52:50 - [MESSAGE][PASSED] - Send request successfully

2019-12-05 09:52:50 - [TEST_STEP][PASSED] - Start listener action : sampleAfterTestCase: null

2019-12-05 09:52:52 - [TEST_STEP][PASSED] - Video: Video recording for test case 'Test Cases/mockoon' .

2019-12-05 09:52:52 - [MESSAGE][INFO] - Video recording for test case 'Test Cases/mockoon' .
[[ATTACHMENT|/Users/huynguyen/Katalon Studio/api/Reports/20191205_095233/api-suite23/20191205_095233/videos/test_3.mov]]</system-out>
            <system-err></system-err>
        </testcase>
        <system-out>2019-12-05 09:52:34 - [TEST_SUITE][INCOMPLETE] - api-suite23: null</system-out>
        <system-err>2019-12-05 09:52:34 - [TEST_SUITE][INCOMPLETE] - api-suite23: null</system-err>
    </testsuite>
</testsuites>
